# JRE version: OpenJDK Runtime Environment (8.0_242-b01) (build 1.8.0_242-release-1644-b01)
# Java VM: OpenJDK 64-Bit Server VM (25.242-b01 mixed mode windows-amd64 compressed oops)
Heap:
 PSYoungGen      total 269824K, used 257764K [0x00000000d5580000, 0x00000000e8000000, 0x0000000100000000)
  eden space 248320K, 99% used [0x00000000d5580000,0x00000000e45ccbd0,0x00000000e4800000)
  from space 21504K, 54% used [0x00000000e6b00000,0x00000000e766c5b8,0x00000000e8000000)
  to   space 28672K, 0% used [0x00000000e4800000,0x00000000e4800000,0x00000000e6400000)
 ParOldGen       total 152576K, used 70382K [0x0000000080000000, 0x0000000089500000, 0x00000000d5580000)
  object space 152576K, 46% used [0x0000000080000000,0x00000000844bba70,0x0000000089500000)
 Metaspace       used 90442K, capacity 94854K, committed 95192K, reserved 1132544K
  class space    used 11871K, capacity 12740K, committed 12800K, reserved 1048576K
GC Heap History (10 events):
Event: 23.644 GC heap before
{Heap before GC invocations=21 (full 3):
 PSYoungGen      total 217600K, used 205942K [0x00000000d5580000, 0x00000000e5a00000, 0x0000000100000000)
  eden space 188416K, 100% used [0x00000000d5580000,0x00000000e0d80000,0x00000000e0d80000)
  from space 29184K, 60% used [0x00000000e0d80000,0x00000000e1e9d828,0x00000000e2a00000)
  to   space 29184K, 0% used [0x00000000e3d80000,0x00000000e3d80000,0x00000000e5a00000)
 ParOldGen       total 152576K, used 57364K [0x0000000080000000, 0x0000000089500000, 0x00000000d5580000)
  object space 152576K, 37% used [0x0000000080000000,0x0000000083805278,0x0000000089500000)
 Metaspace       used 83372K, capacity 87110K, committed 87384K, reserved 1124352K
  class space    used 11034K, capacity 11814K, committed 11904K, reserved 1048576K
Event: 23.665 GC heap after
Heap after GC invocations=21 (full 3):
 PSYoungGen      total 236544K, used 14847K [0x00000000d5580000, 0x00000000e5880000, 0x0000000100000000)
  eden space 208896K, 0% used [0x00000000d5580000,0x00000000d5580000,0x00000000e2180000)
  from space 27648K, 53% used [0x00000000e3d80000,0x00000000e4bfff00,0x00000000e5880000)
  to   space 28160K, 0% used [0x00000000e2180000,0x00000000e2180000,0x00000000e3d00000)
 ParOldGen       total 152576K, used 57372K [0x0000000080000000, 0x0000000089500000, 0x00000000d5580000)
  object space 152576K, 37% used [0x0000000080000000,0x0000000083807278,0x0000000089500000)
 Metaspace       used 83372K, capacity 87110K, committed 87384K, reserved 1124352K
  class space    used 11034K, capacity 11814K, committed 11904K, reserved 1048576K
}
Event: 24.336 GC heap before
{Heap before GC invocations=22 (full 3):
 PSYoungGen      total 236544K, used 223743K [0x00000000d5580000, 0x00000000e5880000, 0x0000000100000000)
  eden space 208896K, 100% used [0x00000000d5580000,0x00000000e2180000,0x00000000e2180000)
  from space 27648K, 53% used [0x00000000e3d80000,0x00000000e4bfff00,0x00000000e5880000)
  to   space 28160K, 0% used [0x00000000e2180000,0x00000000e2180000,0x00000000e3d00000)
 ParOldGen       total 152576K, used 57372K [0x0000000080000000, 0x0000000089500000, 0x00000000d5580000)
  object space 152576K, 37% used [0x0000000080000000,0x0000000083807278,0x0000000089500000)
 Metaspace       used 83510K, capacity 87362K, committed 87640K, reserved 1124352K
  class space    used 11048K, capacity 11848K, committed 11904K, reserved 1048576K
Event: 24.348 GC heap after
Heap after GC invocations=22 (full 3):
 PSYoungGen      total 237056K, used 21472K [0x00000000d5580000, 0x00000000e7200000, 0x0000000100000000)
  eden space 208896K, 0% used [0x00000000d5580000,0x00000000d5580000,0x00000000e2180000)
  from space 28160K, 76% used [0x00000000e2180000,0x00000000e3678030,0x00000000e3d00000)
  to   space 29696K, 0% used [0x00000000e5500000,0x00000000e5500000,0x00000000e7200000)
 ParOldGen       total 152576K, used 57444K [0x0000000080000000, 0x0000000089500000, 0x00000000d5580000)
  object space 152576K, 37% used [0x0000000080000000,0x0000000083819288,0x0000000089500000)
 Metaspace       used 83510K, capacity 87362K, committed 87640K, reserved 1124352K
  class space    used 11048K, capacity 11848K, committed 11904K, reserved 1048576K
}
Event: 24.554 GC heap before
{Heap before GC invocations=23 (full 3):
 PSYoungGen      total 237056K, used 230368K [0x00000000d5580000, 0x00000000e7200000, 0x0000000100000000)
  eden space 208896K, 100% used [0x00000000d5580000,0x00000000e2180000,0x00000000e2180000)
  from space 28160K, 76% used [0x00000000e2180000,0x00000000e3678030,0x00000000e3d00000)
  to   space 29696K, 0% used [0x00000000e5500000,0x00000000e5500000,0x00000000e7200000)
 ParOldGen       total 152576K, used 57444K [0x0000000080000000, 0x0000000089500000, 0x00000000d5580000)
  object space 152576K, 37% used [0x0000000080000000,0x0000000083819288,0x0000000089500000)
 Metaspace       used 83528K, capacity 87362K, committed 87640K, reserved 1124352K
  class space    used 11048K, capacity 11848K, committed 11904K, reserved 1048576K
Event: 24.599 GC heap after
Heap after GC invocations=23 (full 3):
 PSYoungGen      total 238592K, used 18897K [0x00000000d5580000, 0x00000000e7200000, 0x0000000100000000)
  eden space 208896K, 0% used [0x00000000d5580000,0x00000000d5580000,0x00000000e2180000)
  from space 29696K, 63% used [0x00000000e5500000,0x00000000e6774538,0x00000000e7200000)
  to   space 28160K, 0% used [0x00000000e2180000,0x00000000e2180000,0x00000000e3d00000)
 ParOldGen       total 152576K, used 57444K [0x0000000080000000, 0x0000000089500000, 0x00000000d5580000)
  object space 152576K, 37% used [0x0000000080000000,0x0000000083819288,0x0000000089500000)
 Metaspace       used 83528K, capacity 87362K, committed 87640K, reserved 1124352K
  class space    used 11048K, capacity 11848K, committed 11904K, reserved 1048576K
}
Event: 25.131 GC heap before
{Heap before GC invocations=24 (full 3):
 PSYoungGen      total 238592K, used 227793K [0x00000000d5580000, 0x00000000e7200000, 0x0000000100000000)
  eden space 208896K, 100% used [0x00000000d5580000,0x00000000e2180000,0x00000000e2180000)
  from space 29696K, 63% used [0x00000000e5500000,0x00000000e6774538,0x00000000e7200000)
  to   space 28160K, 0% used [0x00000000e2180000,0x00000000e2180000,0x00000000e3d00000)
 ParOldGen       total 152576K, used 57444K [0x0000000080000000, 0x0000000089500000, 0x00000000d5580000)
  object space 152576K, 37% used [0x0000000080000000,0x0000000083819288,0x0000000089500000)
 Metaspace       used 83584K, capacity 87366K, committed 87640K, reserved 1124352K
  class space    used 11048K, capacity 11848K, committed 11904K, reserved 1048576K
Event: 25.143 GC heap after
Heap after GC invocations=24 (full 3):
 PSYoungGen      total 237056K, used 3904K [0x00000000d5580000, 0x00000000e8880000, 0x0000000100000000)
  eden space 208896K, 0% used [0x00000000d5580000,0x00000000d5580000,0x00000000e2180000)
  from space 28160K, 13% used [0x00000000e2180000,0x00000000e2550020,0x00000000e3d00000)
  to   space 30208K, 0% used [0x00000000e6b00000,0x00000000e6b00000,0x00000000e8880000)
 ParOldGen       total 152576K, used 69230K [0x0000000080000000, 0x0000000089500000, 0x00000000d5580000)
  object space 152576K, 45% used [0x0000000080000000,0x000000008439ba70,0x0000000089500000)
 Metaspace       used 83584K, capacity 87366K, committed 87640K, reserved 1124352K
  class space    used 11048K, capacity 11848K, committed 11904K, reserved 1048576K
}
Event: 27.663 GC heap before
{Heap before GC invocations=25 (full 3):
 PSYoungGen      total 237056K, used 212800K [0x00000000d5580000, 0x00000000e8880000, 0x0000000100000000)
  eden space 208896K, 100% used [0x00000000d5580000,0x00000000e2180000,0x00000000e2180000)
  from space 28160K, 13% used [0x00000000e2180000,0x00000000e2550020,0x00000000e3d00000)
  to   space 30208K, 0% used [0x00000000e6b00000,0x00000000e6b00000,0x00000000e8880000)
 ParOldGen       total 152576K, used 69230K [0x0000000080000000, 0x0000000089500000, 0x00000000d5580000)
  object space 152576K, 45% used [0x0000000080000000,0x000000008439ba70,0x0000000089500000)
 Metaspace       used 88178K, capacity 92106K, committed 92248K, reserved 1128448K
  class space    used 11614K, capacity 12380K, committed 12416K, reserved 1048576K
Event: 27.675 GC heap after
Heap after GC invocations=25 (full 3):
 PSYoungGen      total 269824K, used 11697K [0x00000000d5580000, 0x00000000e8000000, 0x0000000100000000)
  eden space 248320K, 0% used [0x00000000d5580000,0x00000000d5580000,0x00000000e4800000)
  from space 21504K, 54% used [0x00000000e6b00000,0x00000000e766c5b8,0x00000000e8000000)
  to   space 28672K, 0% used [0x00000000e4800000,0x00000000e4800000,0x00000000e6400000)
 ParOldGen       total 152576K, used 70382K [0x0000000080000000, 0x0000000089500000, 0x00000000d5580000)
  object space 152576K, 46% used [0x0000000080000000,0x00000000844bba70,0x0000000089500000)
 Metaspace       used 88178K, capacity 92106K, committed 92248K, reserved 1128448K
  class space    used 11614K, capacity 12380K, committed 12416K, reserved 1048576K
}

