# JRE version: OpenJDK Runtime Environment (8.0_242-b01) (build 1.8.0_242-release-1644-b01)
# Java VM: OpenJDK 64-Bit Server VM (25.242-b01 mixed mode windows-amd64 compressed oops)
Heap:
 PSYoungGen      total 113664K, used 45475K [0x00000000d5580000, 0x00000000dea00000, 0x0000000100000000)
  eden space 100864K, 36% used [0x00000000d5580000,0x00000000d790e228,0x00000000db800000)
  from space 12800K, 70% used [0x00000000db800000,0x00000000dc0da9f0,0x00000000dc480000)
  to   space 13312K, 0% used [0x00000000ddd00000,0x00000000ddd00000,0x00000000dea00000)
 ParOldGen       total 60416K, used 23064K [0x0000000080000000, 0x0000000083b00000, 0x00000000d5580000)
  object space 60416K, 38% used [0x0000000080000000,0x0000000081686298,0x0000000083b00000)
 Metaspace       used 48467K, capacity 50440K, committed 50520K, reserved 1093632K
  class space    used 6337K, capacity 6753K, committed 6784K, reserved 1048576K
GC Heap History (10 events):
Event: 4.224 GC heap before
{Heap before GC invocations=9 (full 1):
 PSYoungGen      total 76800K, used 71848K [0x00000000d5580000, 0x00000000dce80000, 0x0000000100000000)
  eden space 66048K, 100% used [0x00000000d5580000,0x00000000d9600000,0x00000000d9600000)
  from space 10752K, 53% used [0x00000000d9600000,0x00000000d9baa308,0x00000000da080000)
  to   space 10240K, 0% used [0x00000000dc480000,0x00000000dc480000,0x00000000dce80000)
 ParOldGen       total 60416K, used 9177K [0x0000000080000000, 0x0000000083b00000, 0x00000000d5580000)
  object space 60416K, 15% used [0x0000000080000000,0x00000000808f6608,0x0000000083b00000)
 Metaspace       used 32600K, capacity 33798K, committed 33920K, reserved 1079296K
  class space    used 4409K, capacity 4710K, committed 4736K, reserved 1048576K
Event: 4.237 GC heap after
Heap after GC invocations=9 (full 1):
 PSYoungGen      total 112640K, used 9686K [0x00000000d5580000, 0x00000000dd100000, 0x0000000100000000)
  eden space 102400K, 0% used [0x00000000d5580000,0x00000000d5580000,0x00000000db980000)
  from space 10240K, 94% used [0x00000000dc480000,0x00000000dcdf5be8,0x00000000dce80000)
  to   space 11264K, 0% used [0x00000000db980000,0x00000000db980000,0x00000000dc480000)
 ParOldGen       total 60416K, used 9185K [0x0000000080000000, 0x0000000083b00000, 0x00000000d5580000)
  object space 60416K, 15% used [0x0000000080000000,0x00000000808f8608,0x0000000083b00000)
 Metaspace       used 32600K, capacity 33798K, committed 33920K, reserved 1079296K
  class space    used 4409K, capacity 4710K, committed 4736K, reserved 1048576K
}
Event: 4.539 GC heap before
{Heap before GC invocations=10 (full 1):
 PSYoungGen      total 112640K, used 33182K [0x00000000d5580000, 0x00000000dd100000, 0x0000000100000000)
  eden space 102400K, 22% used [0x00000000d5580000,0x00000000d6c71ec8,0x00000000db980000)
  from space 10240K, 94% used [0x00000000dc480000,0x00000000dcdf5be8,0x00000000dce80000)
  to   space 11264K, 0% used [0x00000000db980000,0x00000000db980000,0x00000000dc480000)
 ParOldGen       total 60416K, used 9185K [0x0000000080000000, 0x0000000083b00000, 0x00000000d5580000)
  object space 60416K, 15% used [0x0000000080000000,0x00000000808f8608,0x0000000083b00000)
 Metaspace       used 34180K, capacity 35310K, committed 35416K, reserved 1079296K
  class space    used 4617K, capacity 4925K, committed 4992K, reserved 1048576K
Event: 4.548 GC heap after
Heap after GC invocations=10 (full 1):
 PSYoungGen      total 113664K, used 9501K [0x00000000d5580000, 0x00000000dd100000, 0x0000000100000000)
  eden space 102400K, 0% used [0x00000000d5580000,0x00000000d5580000,0x00000000db980000)
  from space 11264K, 84% used [0x00000000db980000,0x00000000dc2c7578,0x00000000dc480000)
  to   space 10240K, 0% used [0x00000000dc480000,0x00000000dc480000,0x00000000dce80000)
 ParOldGen       total 60416K, used 9193K [0x0000000080000000, 0x0000000083b00000, 0x00000000d5580000)
  object space 60416K, 15% used [0x0000000080000000,0x00000000808fa608,0x0000000083b00000)
 Metaspace       used 34180K, capacity 35310K, committed 35416K, reserved 1079296K
  class space    used 4617K, capacity 4925K, committed 4992K, reserved 1048576K
}
Event: 4.548 GC heap before
{Heap before GC invocations=11 (full 2):
 PSYoungGen      total 113664K, used 9501K [0x00000000d5580000, 0x00000000dd100000, 0x0000000100000000)
  eden space 102400K, 0% used [0x00000000d5580000,0x00000000d5580000,0x00000000db980000)
  from space 11264K, 84% used [0x00000000db980000,0x00000000dc2c7578,0x00000000dc480000)
  to   space 10240K, 0% used [0x00000000dc480000,0x00000000dc480000,0x00000000dce80000)
 ParOldGen       total 60416K, used 9193K [0x0000000080000000, 0x0000000083b00000, 0x00000000d5580000)
  object space 60416K, 15% used [0x0000000080000000,0x00000000808fa608,0x0000000083b00000)
 Metaspace       used 34180K, capacity 35310K, committed 35416K, reserved 1079296K
  class space    used 4617K, capacity 4925K, committed 4992K, reserved 1048576K
Event: 4.594 GC heap after
Heap after GC invocations=11 (full 2):
 PSYoungGen      total 113664K, used 0K [0x00000000d5580000, 0x00000000dd100000, 0x0000000100000000)
  eden space 102400K, 0% used [0x00000000d5580000,0x00000000d5580000,0x00000000db980000)
  from space 11264K, 0% used [0x00000000db980000,0x00000000db980000,0x00000000dc480000)
  to   space 10240K, 0% used [0x00000000dc480000,0x00000000dc480000,0x00000000dce80000)
 ParOldGen       total 60416K, used 16027K [0x0000000080000000, 0x0000000083b00000, 0x00000000d5580000)
  object space 60416K, 26% used [0x0000000080000000,0x0000000080fa6ee0,0x0000000083b00000)
 Metaspace       used 34180K, capacity 35310K, committed 35416K, reserved 1079296K
  class space    used 4617K, capacity 4925K, committed 4992K, reserved 1048576K
}
Event: 5.717 GC heap before
{Heap before GC invocations=12 (full 2):
 PSYoungGen      total 113664K, used 102400K [0x00000000d5580000, 0x00000000dd100000, 0x0000000100000000)
  eden space 102400K, 100% used [0x00000000d5580000,0x00000000db980000,0x00000000db980000)
  from space 11264K, 0% used [0x00000000db980000,0x00000000db980000,0x00000000dc480000)
  to   space 10240K, 0% used [0x00000000dc480000,0x00000000dc480000,0x00000000dce80000)
 ParOldGen       total 60416K, used 16027K [0x0000000080000000, 0x0000000083b00000, 0x00000000d5580000)
  object space 60416K, 26% used [0x0000000080000000,0x0000000080fa6ee0,0x0000000083b00000)
 Metaspace       used 40098K, capacity 41708K, committed 41816K, reserved 1085440K
  class space    used 5379K, capacity 5742K, committed 5760K, reserved 1048576K
Event: 5.724 GC heap after
Heap after GC invocations=12 (full 2):
 PSYoungGen      total 111104K, used 10229K [0x00000000d5580000, 0x00000000dee00000, 0x0000000100000000)
  eden space 100864K, 0% used [0x00000000d5580000,0x00000000d5580000,0x00000000db800000)
  from space 10240K, 99% used [0x00000000dc480000,0x00000000dce7d430,0x00000000dce80000)
  to   space 12800K, 0% used [0x00000000db800000,0x00000000db800000,0x00000000dc480000)
 ParOldGen       total 60416K, used 16669K [0x0000000080000000, 0x0000000083b00000, 0x00000000d5580000)
  object space 60416K, 27% used [0x0000000080000000,0x0000000081047610,0x0000000083b00000)
 Metaspace       used 40098K, capacity 41708K, committed 41816K, reserved 1085440K
  class space    used 5379K, capacity 5742K, committed 5760K, reserved 1048576K
}
Event: 8.349 GC heap before
{Heap before GC invocations=13 (full 2):
 PSYoungGen      total 111104K, used 111093K [0x00000000d5580000, 0x00000000dee00000, 0x0000000100000000)
  eden space 100864K, 100% used [0x00000000d5580000,0x00000000db800000,0x00000000db800000)
  from space 10240K, 99% used [0x00000000dc480000,0x00000000dce7d430,0x00000000dce80000)
  to   space 12800K, 0% used [0x00000000db800000,0x00000000db800000,0x00000000dc480000)
 ParOldGen       total 60416K, used 16669K [0x0000000080000000, 0x0000000083b00000, 0x00000000d5580000)
  object space 60416K, 27% used [0x0000000080000000,0x0000000081047610,0x0000000083b00000)
 Metaspace       used 48397K, capacity 50434K, committed 50520K, reserved 1093632K
  class space    used 6335K, capacity 6752K, committed 6784K, reserved 1048576K
Event: 8.360 GC heap after
Heap after GC invocations=13 (full 2):
 PSYoungGen      total 113664K, used 9066K [0x00000000d5580000, 0x00000000dea00000, 0x0000000100000000)
  eden space 100864K, 0% used [0x00000000d5580000,0x00000000d5580000,0x00000000db800000)
  from space 12800K, 70% used [0x00000000db800000,0x00000000dc0da9f0,0x00000000dc480000)
  to   space 13312K, 0% used [0x00000000ddd00000,0x00000000ddd00000,0x00000000dea00000)
 ParOldGen       total 60416K, used 23064K [0x0000000080000000, 0x0000000083b00000, 0x00000000d5580000)
  object space 60416K, 38% used [0x0000000080000000,0x0000000081686298,0x0000000083b00000)
 Metaspace       used 48397K, capacity 50434K, committed 50520K, reserved 1093632K
  class space    used 6335K, capacity 6752K, committed 6784K, reserved 1048576K
}

