# JRE version: OpenJDK Runtime Environment (8.0_242-b01) (build 1.8.0_242-release-1644-b01)
# Java VM: OpenJDK 64-Bit Server VM (25.242-b01 mixed mode windows-amd64 compressed oops)
Heap:
 PSYoungGen      total 247808K, used 46387K [0x00000000d5580000, 0x00000000e7700000, 0x0000000100000000)
  eden space 225792K, 20% used [0x00000000d5580000,0x00000000d82ccee8,0x00000000e3200000)
  from space 22016K, 0% used [0x00000000e4a00000,0x00000000e4a00000,0x00000000e5f80000)
  to   space 24576K, 0% used [0x00000000e3200000,0x00000000e3200000,0x00000000e4a00000)
 ParOldGen       total 104960K, used 35149K [0x0000000080000000, 0x0000000086680000, 0x00000000d5580000)
  object space 104960K, 33% used [0x0000000080000000,0x0000000082253468,0x0000000086680000)
 Metaspace       used 61024K, capacity 63342K, committed 63704K, reserved 1103872K
  class space    used 7921K, capacity 8405K, committed 8448K, reserved 1048576K
GC Heap History (10 events):
Event: 18.377 GC heap before
{Heap before GC invocations=13 (full 2):
 PSYoungGen      total 193024K, used 191855K [0x00000000d5580000, 0x00000000e2580000, 0x0000000100000000)
  eden space 182272K, 100% used [0x00000000d5580000,0x00000000e0780000,0x00000000e0780000)
  from space 10752K, 89% used [0x00000000e1b00000,0x00000000e245bfa0,0x00000000e2580000)
  to   space 15360K, 0% used [0x00000000e0780000,0x00000000e0780000,0x00000000e1680000)
 ParOldGen       total 104960K, used 20003K [0x0000000080000000, 0x0000000086680000, 0x00000000d5580000)
  object space 104960K, 19% used [0x0000000080000000,0x0000000081388da0,0x0000000086680000)
 Metaspace       used 43867K, capacity 45792K, committed 45912K, reserved 1089536K
  class space    used 5875K, capacity 6251K, committed 6272K, reserved 1048576K
Event: 18.387 GC heap after
Heap after GC invocations=13 (full 2):
 PSYoungGen      total 197632K, used 11042K [0x00000000d5580000, 0x00000000e3c00000, 0x0000000100000000)
  eden space 182272K, 0% used [0x00000000d5580000,0x00000000d5580000,0x00000000e0780000)
  from space 15360K, 71% used [0x00000000e0780000,0x00000000e1248ad8,0x00000000e1680000)
  to   space 15872K, 0% used [0x00000000e2c80000,0x00000000e2c80000,0x00000000e3c00000)
 ParOldGen       total 104960K, used 20011K [0x0000000080000000, 0x0000000086680000, 0x00000000d5580000)
  object space 104960K, 19% used [0x0000000080000000,0x000000008138ada0,0x0000000086680000)
 Metaspace       used 43867K, capacity 45792K, committed 45912K, reserved 1089536K
  class space    used 5875K, capacity 6251K, committed 6272K, reserved 1048576K
}
Event: 19.798 GC heap before
{Heap before GC invocations=14 (full 2):
 PSYoungGen      total 197632K, used 193314K [0x00000000d5580000, 0x00000000e3c00000, 0x0000000100000000)
  eden space 182272K, 100% used [0x00000000d5580000,0x00000000e0780000,0x00000000e0780000)
  from space 15360K, 71% used [0x00000000e0780000,0x00000000e1248ad8,0x00000000e1680000)
  to   space 15872K, 0% used [0x00000000e2c80000,0x00000000e2c80000,0x00000000e3c00000)
 ParOldGen       total 104960K, used 20011K [0x0000000080000000, 0x0000000086680000, 0x00000000d5580000)
  object space 104960K, 19% used [0x0000000080000000,0x000000008138ada0,0x0000000086680000)
 Metaspace       used 43872K, capacity 45792K, committed 45912K, reserved 1089536K
  class space    used 5876K, capacity 6251K, committed 6272K, reserved 1048576K
Event: 19.808 GC heap after
Heap after GC invocations=14 (full 2):
 PSYoungGen      total 218112K, used 15602K [0x00000000d5580000, 0x00000000e4080000, 0x0000000100000000)
  eden space 202240K, 0% used [0x00000000d5580000,0x00000000d5580000,0x00000000e1b00000)
  from space 15872K, 98% used [0x00000000e2c80000,0x00000000e3bbcb50,0x00000000e3c00000)
  to   space 17920K, 0% used [0x00000000e1b00000,0x00000000e1b00000,0x00000000e2c80000)
 ParOldGen       total 104960K, used 20019K [0x0000000080000000, 0x0000000086680000, 0x00000000d5580000)
  object space 104960K, 19% used [0x0000000080000000,0x000000008138cda0,0x0000000086680000)
 Metaspace       used 43872K, capacity 45792K, committed 45912K, reserved 1089536K
  class space    used 5876K, capacity 6251K, committed 6272K, reserved 1048576K
}
Event: 21.915 GC heap before
{Heap before GC invocations=15 (full 2):
 PSYoungGen      total 218112K, used 217842K [0x00000000d5580000, 0x00000000e4080000, 0x0000000100000000)
  eden space 202240K, 100% used [0x00000000d5580000,0x00000000e1b00000,0x00000000e1b00000)
  from space 15872K, 98% used [0x00000000e2c80000,0x00000000e3bbcb50,0x00000000e3c00000)
  to   space 17920K, 0% used [0x00000000e1b00000,0x00000000e1b00000,0x00000000e2c80000)
 ParOldGen       total 104960K, used 20019K [0x0000000080000000, 0x0000000086680000, 0x00000000d5580000)
  object space 104960K, 19% used [0x0000000080000000,0x000000008138cda0,0x0000000086680000)
 Metaspace       used 54374K, capacity 56556K, committed 56792K, reserved 1097728K
  class space    used 7132K, capacity 7591K, committed 7680K, reserved 1048576K
Event: 21.934 GC heap after
Heap after GC invocations=15 (full 2):
 PSYoungGen      total 220160K, used 17890K [0x00000000d5580000, 0x00000000e5f80000, 0x0000000100000000)
  eden space 202240K, 0% used [0x00000000d5580000,0x00000000d5580000,0x00000000e1b00000)
  from space 17920K, 99% used [0x00000000e1b00000,0x00000000e2c78bf0,0x00000000e2c80000)
  to   space 22016K, 0% used [0x00000000e4a00000,0x00000000e4a00000,0x00000000e5f80000)
 ParOldGen       total 104960K, used 25451K [0x0000000080000000, 0x0000000086680000, 0x00000000d5580000)
  object space 104960K, 24% used [0x0000000080000000,0x00000000818dacc0,0x0000000086680000)
 Metaspace       used 54374K, capacity 56556K, committed 56792K, reserved 1097728K
  class space    used 7132K, capacity 7591K, committed 7680K, reserved 1048576K
}
Event: 22.250 GC heap before
{Heap before GC invocations=16 (full 2):
 PSYoungGen      total 220160K, used 58651K [0x00000000d5580000, 0x00000000e5f80000, 0x0000000100000000)
  eden space 202240K, 20% used [0x00000000d5580000,0x00000000d7d4e200,0x00000000e1b00000)
  from space 17920K, 99% used [0x00000000e1b00000,0x00000000e2c78bf0,0x00000000e2c80000)
  to   space 22016K, 0% used [0x00000000e4a00000,0x00000000e4a00000,0x00000000e5f80000)
 ParOldGen       total 104960K, used 25451K [0x0000000080000000, 0x0000000086680000, 0x00000000d5580000)
  object space 104960K, 24% used [0x0000000080000000,0x00000000818dacc0,0x0000000086680000)
 Metaspace       used 56717K, capacity 58982K, committed 59028K, reserved 1099776K
  class space    used 7442K, capacity 7932K, committed 7936K, reserved 1048576K
Event: 22.264 GC heap after
Heap after GC invocations=16 (full 2):
 PSYoungGen      total 247808K, used 20608K [0x00000000d5580000, 0x00000000e7700000, 0x0000000100000000)
  eden space 225792K, 0% used [0x00000000d5580000,0x00000000d5580000,0x00000000e3200000)
  from space 22016K, 93% used [0x00000000e4a00000,0x00000000e5e201a8,0x00000000e5f80000)
  to   space 24576K, 0% used [0x00000000e3200000,0x00000000e3200000,0x00000000e4a00000)
 ParOldGen       total 104960K, used 25459K [0x0000000080000000, 0x0000000086680000, 0x00000000d5580000)
  object space 104960K, 24% used [0x0000000080000000,0x00000000818dccc0,0x0000000086680000)
 Metaspace       used 56717K, capacity 58982K, committed 59028K, reserved 1099776K
  class space    used 7442K, capacity 7932K, committed 7936K, reserved 1048576K
}
Event: 22.264 GC heap before
{Heap before GC invocations=17 (full 3):
 PSYoungGen      total 247808K, used 20608K [0x00000000d5580000, 0x00000000e7700000, 0x0000000100000000)
  eden space 225792K, 0% used [0x00000000d5580000,0x00000000d5580000,0x00000000e3200000)
  from space 22016K, 93% used [0x00000000e4a00000,0x00000000e5e201a8,0x00000000e5f80000)
  to   space 24576K, 0% used [0x00000000e3200000,0x00000000e3200000,0x00000000e4a00000)
 ParOldGen       total 104960K, used 25459K [0x0000000080000000, 0x0000000086680000, 0x00000000d5580000)
  object space 104960K, 24% used [0x0000000080000000,0x00000000818dccc0,0x0000000086680000)
 Metaspace       used 56717K, capacity 58982K, committed 59028K, reserved 1099776K
  class space    used 7442K, capacity 7932K, committed 7936K, reserved 1048576K
Event: 22.390 GC heap after
Heap after GC invocations=17 (full 3):
 PSYoungGen      total 247808K, used 0K [0x00000000d5580000, 0x00000000e7700000, 0x0000000100000000)
  eden space 225792K, 0% used [0x00000000d5580000,0x00000000d5580000,0x00000000e3200000)
  from space 22016K, 0% used [0x00000000e4a00000,0x00000000e4a00000,0x00000000e5f80000)
  to   space 24576K, 0% used [0x00000000e3200000,0x00000000e3200000,0x00000000e4a00000)
 ParOldGen       total 104960K, used 35149K [0x0000000080000000, 0x0000000086680000, 0x00000000d5580000)
  object space 104960K, 33% used [0x0000000080000000,0x0000000082253468,0x0000000086680000)
 Metaspace       used 56666K, capacity 58888K, committed 59028K, reserved 1099776K
  class space    used 7428K, capacity 7912K, committed 7936K, reserved 1048576K
}

