# JRE version: OpenJDK Runtime Environment (8.0_242-b01) (build 1.8.0_242-release-1644-b01)
# Java VM: OpenJDK 64-Bit Server VM (25.242-b01 mixed mode windows-amd64 compressed oops)
Heap:
 PSYoungGen      total 264704K, used 162050K [0x00000000d5580000, 0x00000000e7b00000, 0x0000000100000000)
  eden space 231936K, 59% used [0x00000000d5580000,0x00000000ddd63820,0x00000000e3800000)
  from space 32768K, 69% used [0x00000000e5980000,0x00000000e6fdd3d8,0x00000000e7980000)
  to   space 34304K, 0% used [0x00000000e3800000,0x00000000e3800000,0x00000000e5980000)
 ParOldGen       total 147968K, used 64856K [0x0000000080000000, 0x0000000089080000, 0x00000000d5580000)
  object space 147968K, 43% used [0x0000000080000000,0x0000000083f56100,0x0000000089080000)
 Metaspace       used 84047K, capacity 88343K, committed 88596K, reserved 1126400K
  class space    used 11398K, capacity 12279K, committed 12348K, reserved 1048576K
GC Heap History (10 events):
Event: 8.431 GC heap before
{Heap before GC invocations=15 (full 3):
 PSYoungGen      total 174592K, used 16372K [0x00000000d5580000, 0x00000000e2f80000, 0x0000000100000000)
  eden space 158208K, 0% used [0x00000000d5580000,0x00000000d5580000,0x00000000df000000)
  from space 16384K, 99% used [0x00000000e0600000,0x00000000e15fd1f0,0x00000000e1600000)
  to   space 22528K, 0% used [0x00000000df000000,0x00000000df000000,0x00000000e0600000)
 ParOldGen       total 91648K, used 32240K [0x0000000080000000, 0x0000000085980000, 0x00000000d5580000)
  object space 91648K, 35% used [0x0000000080000000,0x0000000081f7c3b0,0x0000000085980000)
 Metaspace       used 56544K, capacity 59021K, committed 59028K, reserved 1099776K
  class space    used 7537K, capacity 8117K, committed 8124K, reserved 1048576K
Event: 8.638 GC heap after
Heap after GC invocations=15 (full 3):
 PSYoungGen      total 174592K, used 0K [0x00000000d5580000, 0x00000000e2f80000, 0x0000000100000000)
  eden space 158208K, 0% used [0x00000000d5580000,0x00000000d5580000,0x00000000df000000)
  from space 16384K, 0% used [0x00000000e0600000,0x00000000e0600000,0x00000000e1600000)
  to   space 22528K, 0% used [0x00000000df000000,0x00000000df000000,0x00000000e0600000)
 ParOldGen       total 147968K, used 41199K [0x0000000080000000, 0x0000000089080000, 0x00000000d5580000)
  object space 147968K, 27% used [0x0000000080000000,0x000000008283be50,0x0000000089080000)
 Metaspace       used 56525K, capacity 58955K, committed 59028K, reserved 1099776K
  class space    used 7531K, capacity 8106K, committed 8124K, reserved 1048576K
}
Event: 10.630 GC heap before
{Heap before GC invocations=16 (full 3):
 PSYoungGen      total 174592K, used 158208K [0x00000000d5580000, 0x00000000e2f80000, 0x0000000100000000)
  eden space 158208K, 100% used [0x00000000d5580000,0x00000000df000000,0x00000000df000000)
  from space 16384K, 0% used [0x00000000e0600000,0x00000000e0600000,0x00000000e1600000)
  to   space 22528K, 0% used [0x00000000df000000,0x00000000df000000,0x00000000e0600000)
 ParOldGen       total 147968K, used 41199K [0x0000000080000000, 0x0000000089080000, 0x00000000d5580000)
  object space 147968K, 27% used [0x0000000080000000,0x000000008283be50,0x0000000089080000)
 Metaspace       used 66330K, capacity 69263K, committed 69652K, reserved 1110016K
  class space    used 9072K, capacity 9706K, committed 9788K, reserved 1048576K
Event: 10.643 GC heap after
Heap after GC invocations=16 (full 3):
 PSYoungGen      total 180736K, used 15035K [0x00000000d5580000, 0x00000000e3c80000, 0x0000000100000000)
  eden space 158208K, 0% used [0x00000000d5580000,0x00000000d5580000,0x00000000df000000)
  from space 22528K, 66% used [0x00000000df000000,0x00000000dfeaee68,0x00000000e0600000)
  to   space 23040K, 0% used [0x00000000e2600000,0x00000000e2600000,0x00000000e3c80000)
 ParOldGen       total 147968K, used 41207K [0x0000000080000000, 0x0000000089080000, 0x00000000d5580000)
  object space 147968K, 27% used [0x0000000080000000,0x000000008283de50,0x0000000089080000)
 Metaspace       used 66330K, capacity 69263K, committed 69652K, reserved 1110016K
  class space    used 9072K, capacity 9706K, committed 9788K, reserved 1048576K
}
Event: 13.274 GC heap before
{Heap before GC invocations=17 (full 3):
 PSYoungGen      total 180736K, used 173243K [0x00000000d5580000, 0x00000000e3c80000, 0x0000000100000000)
  eden space 158208K, 100% used [0x00000000d5580000,0x00000000df000000,0x00000000df000000)
  from space 22528K, 66% used [0x00000000df000000,0x00000000dfeaee68,0x00000000e0600000)
  to   space 23040K, 0% used [0x00000000e2600000,0x00000000e2600000,0x00000000e3c80000)
 ParOldGen       total 147968K, used 41207K [0x0000000080000000, 0x0000000089080000, 0x00000000d5580000)
  object space 147968K, 27% used [0x0000000080000000,0x000000008283de50,0x0000000089080000)
 Metaspace       used 73547K, capacity 77107K, committed 77332K, reserved 1116160K
  class space    used 10061K, capacity 10751K, committed 10812K, reserved 1048576K
Event: 13.303 GC heap after
Heap after GC invocations=17 (full 3):
 PSYoungGen      total 210432K, used 22561K [0x00000000d5580000, 0x00000000e4080000, 0x0000000100000000)
  eden space 187392K, 0% used [0x00000000d5580000,0x00000000d5580000,0x00000000e0c80000)
  from space 23040K, 97% used [0x00000000e2600000,0x00000000e3c08640,0x00000000e3c80000)
  to   space 26112K, 0% used [0x00000000e0c80000,0x00000000e0c80000,0x00000000e2600000)
 ParOldGen       total 147968K, used 41215K [0x0000000080000000, 0x0000000089080000, 0x00000000d5580000)
  object space 147968K, 27% used [0x0000000080000000,0x000000008283fe50,0x0000000089080000)
 Metaspace       used 73547K, capacity 77107K, committed 77332K, reserved 1116160K
  class space    used 10061K, capacity 10751K, committed 10812K, reserved 1048576K
}
Event: 15.792 GC heap before
{Heap before GC invocations=18 (full 3):
 PSYoungGen      total 210432K, used 209953K [0x00000000d5580000, 0x00000000e4080000, 0x0000000100000000)
  eden space 187392K, 100% used [0x00000000d5580000,0x00000000e0c80000,0x00000000e0c80000)
  from space 23040K, 97% used [0x00000000e2600000,0x00000000e3c08640,0x00000000e3c80000)
  to   space 26112K, 0% used [0x00000000e0c80000,0x00000000e0c80000,0x00000000e2600000)
 ParOldGen       total 147968K, used 41215K [0x0000000080000000, 0x0000000089080000, 0x00000000d5580000)
  object space 147968K, 27% used [0x0000000080000000,0x000000008283fe50,0x0000000089080000)
 Metaspace       used 79595K, capacity 83541K, committed 83732K, reserved 1122304K
  class space    used 10806K, capacity 11554K, committed 11580K, reserved 1048576K
Event: 15.911 GC heap after
Heap after GC invocations=18 (full 3):
 PSYoungGen      total 213504K, used 26087K [0x00000000d5580000, 0x00000000e7980000, 0x0000000100000000)
  eden space 187392K, 0% used [0x00000000d5580000,0x00000000d5580000,0x00000000e0c80000)
  from space 26112K, 99% used [0x00000000e0c80000,0x00000000e25f9cf0,0x00000000e2600000)
  to   space 32768K, 0% used [0x00000000e5980000,0x00000000e5980000,0x00000000e7980000)
 ParOldGen       total 147968K, used 49223K [0x0000000080000000, 0x0000000089080000, 0x00000000d5580000)
  object space 147968K, 33% used [0x0000000080000000,0x0000000083011ee8,0x0000000089080000)
 Metaspace       used 79595K, capacity 83541K, committed 83732K, reserved 1122304K
  class space    used 10806K, capacity 11554K, committed 11580K, reserved 1048576K
}
Event: 17.834 GC heap before
{Heap before GC invocations=19 (full 3):
 PSYoungGen      total 213504K, used 213479K [0x00000000d5580000, 0x00000000e7980000, 0x0000000100000000)
  eden space 187392K, 100% used [0x00000000d5580000,0x00000000e0c80000,0x00000000e0c80000)
  from space 26112K, 99% used [0x00000000e0c80000,0x00000000e25f9cf0,0x00000000e2600000)
  to   space 32768K, 0% used [0x00000000e5980000,0x00000000e5980000,0x00000000e7980000)
 ParOldGen       total 147968K, used 49223K [0x0000000080000000, 0x0000000089080000, 0x00000000d5580000)
  object space 147968K, 33% used [0x0000000080000000,0x0000000083011ee8,0x0000000089080000)
 Metaspace       used 80789K, capacity 84805K, committed 85012K, reserved 1122304K
  class space    used 10906K, capacity 11714K, committed 11836K, reserved 1048576K
Event: 17.870 GC heap after
Heap after GC invocations=19 (full 3):
 PSYoungGen      total 264704K, used 22900K [0x00000000d5580000, 0x00000000e7b00000, 0x0000000100000000)
  eden space 231936K, 0% used [0x00000000d5580000,0x00000000d5580000,0x00000000e3800000)
  from space 32768K, 69% used [0x00000000e5980000,0x00000000e6fdd3d8,0x00000000e7980000)
  to   space 34304K, 0% used [0x00000000e3800000,0x00000000e3800000,0x00000000e5980000)
 ParOldGen       total 147968K, used 64856K [0x0000000080000000, 0x0000000089080000, 0x00000000d5580000)
  object space 147968K, 43% used [0x0000000080000000,0x0000000083f56100,0x0000000089080000)
 Metaspace       used 80789K, capacity 84805K, committed 85012K, reserved 1122304K
  class space    used 10906K, capacity 11714K, committed 11836K, reserved 1048576K
}

